<?xml version="1.0" encoding="UTF-8"?>
<!-- Generated by org.testng.reporters.JUnitReportReporter -->
<testsuite name="org.myproject.DemoTest" tests="1" time="4.647" ignored="0" failures="0" timestamp="10 Sep 2019 20:30:32 GMT" skipped="0" hostname="BSCWL755988" errors="0">
  <testcase name="restWeatherTest" time="4.647" classname="org.myproject.DemoTest"/>
</testsuite> <!-- org.myproject.DemoTest -->
